<?xml version="1.0" encoding="UTF-8"?>
<!-- Generated by org.testng.reporters.JUnitReportReporter -->
<testsuite hostname="DESKTOP-2EA6IRU" failures="0" tests="1" name="testCases.verifySearchWithSeeds" time="5.874" errors="0" timestamp="2021-06-23T13:06:00 CDT" skipped="0">
  <testcase classname="testCases.verifySearchWithSeeds" name="verifyTotalSearchWithSeeds" time="5.874"/>
  <system-out/>
</testsuite> <!-- testCases.verifySearchWithSeeds -->
